<?xml version="1.0" encoding="UTF-8"?>
<!-- Generated by org.testng.reporters.JUnitXMLReporter -->
<testsuite ignored="1" hostname="DESKTOP-SNUBA4U" failures="0" tests="1" name="Error Validation Test" time="9.653" errors="0" timestamp="2024-08-27T15:24:07 IST">
  <testcase classname="testautomation.tests.ErrorValidationTest" name="LoginErrorValidation" time="3.803"/>
  <testcase classname="testautomation.tests.ErrorValidationTest" name="ProductErrorValidation" time="0.0">
    <ignored/>
  </testcase> <!-- ProductErrorValidation -->
</testsuite> <!-- Error Validation Test -->
