<?xml version="1.0" encoding="UTF-8"?>
<!-- Generated by org.testng.reporters.JUnitXMLReporter -->
<testsuite ignored="1" hostname="DESKTOP-SNUBA4U" failures="0" tests="2" name="Submit Order Test" time="40.046" errors="0" timestamp="2024-08-27T15:56:00 IST">
  <testcase classname="testautomation.tests.SubmitOrderTest" name="submitOrder" time="13.478"/>
  <testcase classname="testautomation.tests.SubmitOrderTest" name="submitOrder" time="15.385"/>
  <testcase classname="testautomation.tests.SubmitOrderTest" name="OrderHistoryTest" time="0.0">
    <ignored/>
  </testcase> <!-- OrderHistoryTest -->
</testsuite> <!-- Submit Order Test -->
