<?xml version="1.0" encoding="UTF-8"?>
<!-- Generated by org.testng.reporters.JUnitXMLReporter -->
<testsuite ignored="1" hostname="DESKTOP-SNUBA4U" failures="0" tests="2" name="Submit Order Test" time="35.821" errors="0" timestamp="2024-08-27T15:57:36 IST">
  <testcase classname="testautomation.tests.SubmitOrderTest" name="submitOrder" time="13.431"/>
  <testcase classname="testautomation.tests.SubmitOrderTest" name="submitOrder" time="13.184"/>
  <testcase classname="testautomation.tests.SubmitOrderTest" name="OrderHistoryTest" time="0.0">
    <ignored/>
  </testcase> <!-- OrderHistoryTest -->
</testsuite> <!-- Submit Order Test -->
